Determining if the pthread_create exist failed with the following output:
Change Dir: /home/nehal/woa/simluation_ws/build/CMakeFiles/CMakeTmp

Run Build Command:"/usr/bin/make" "cmTC_5cbc2/fast"
/usr/bin/make -f CMakeFiles/cmTC_5cbc2.dir/build.make CMakeFiles/cmTC_5cbc2.dir/build
make[1]: Entering directory '/home/nehal/woa/simluation_ws/build/CMakeFiles/CMakeTmp'
Building C object CMakeFiles/cmTC_5cbc2.dir/CheckSymbolExists.c.o
/usr/bin/cc    -o CMakeFiles/cmTC_5cbc2.dir/CheckSymbolExists.c.o   -c /home/nehal/woa/simluation_ws/build/CMakeFiles/CMakeTmp/CheckSymbolExists.c
Linking C executable cmTC_5cbc2
/usr/bin/cmake -E cmake_link_script CMakeFiles/cmTC_5cbc2.dir/link.txt --verbose=1
/usr/bin/cc      -rdynamic CMakeFiles/cmTC_5cbc2.dir/CheckSymbolExists.c.o  -o cmTC_5cbc2 
CMakeFiles/cmTC_5cbc2.dir/CheckSymbolExists.c.o: In function `main':
CheckSymbolExists.c:(.text+0x1b): undefined reference to `pthread_create'
collect2: error: ld returned 1 exit status
CMakeFiles/cmTC_5cbc2.dir/build.make:97: recipe for target 'cmTC_5cbc2' failed
make[1]: *** [cmTC_5cbc2] Error 1
make[1]: Leaving directory '/home/nehal/woa/simluation_ws/build/CMakeFiles/CMakeTmp'
Makefile:126: recipe for target 'cmTC_5cbc2/fast' failed
make: *** [cmTC_5cbc2/fast] Error 2

File /home/nehal/woa/simluation_ws/build/CMakeFiles/CMakeTmp/CheckSymbolExists.c:
/* */
#include <pthread.h>

int main(int argc, char** argv)
{
  (void)argv;
#ifndef pthread_create
  return ((int*)(&pthread_create))[argc];
#else
  (void)argc;
  return 0;
#endif
}

Determining if the function pthread_create exists in the pthreads failed with the following output:
Change Dir: /home/nehal/woa/simluation_ws/build/CMakeFiles/CMakeTmp

Run Build Command:"/usr/bin/make" "cmTC_b56fe/fast"
/usr/bin/make -f CMakeFiles/cmTC_b56fe.dir/build.make CMakeFiles/cmTC_b56fe.dir/build
make[1]: Entering directory '/home/nehal/woa/simluation_ws/build/CMakeFiles/CMakeTmp'
Building C object CMakeFiles/cmTC_b56fe.dir/CheckFunctionExists.c.o
/usr/bin/cc   -DCHECK_FUNCTION_EXISTS=pthread_create   -o CMakeFiles/cmTC_b56fe.dir/CheckFunctionExists.c.o   -c /usr/share/cmake-3.10/Modules/CheckFunctionExists.c
Linking C executable cmTC_b56fe
/usr/bin/cmake -E cmake_link_script CMakeFiles/cmTC_b56fe.dir/link.txt --verbose=1
/usr/bin/cc  -DCHECK_FUNCTION_EXISTS=pthread_create    -rdynamic CMakeFiles/cmTC_b56fe.dir/CheckFunctionExists.c.o  -o cmTC_b56fe -lpthreads 
/usr/bin/ld: cannot find -lpthreads
collect2: error: ld returned 1 exit status
CMakeFiles/cmTC_b56fe.dir/build.make:97: recipe for target 'cmTC_b56fe' failed
make[1]: *** [cmTC_b56fe] Error 1
make[1]: Leaving directory '/home/nehal/woa/simluation_ws/build/CMakeFiles/CMakeTmp'
Makefile:126: recipe for target 'cmTC_b56fe/fast' failed
make: *** [cmTC_b56fe/fast] Error 2


