Determining if the pthread_create exist failed with the following output:
Change Dir: /home/nehal/woa/catkin_ws/build/CMakeFiles/CMakeTmp

Run Build Command:"/usr/bin/make" "cmTC_8269d/fast"
/usr/bin/make -f CMakeFiles/cmTC_8269d.dir/build.make CMakeFiles/cmTC_8269d.dir/build
make[1]: Entering directory '/home/nehal/woa/catkin_ws/build/CMakeFiles/CMakeTmp'
Building C object CMakeFiles/cmTC_8269d.dir/CheckSymbolExists.c.o
/usr/bin/cc    -o CMakeFiles/cmTC_8269d.dir/CheckSymbolExists.c.o   -c /home/nehal/woa/catkin_ws/build/CMakeFiles/CMakeTmp/CheckSymbolExists.c
Linking C executable cmTC_8269d
/usr/bin/cmake -E cmake_link_script CMakeFiles/cmTC_8269d.dir/link.txt --verbose=1
/usr/bin/cc      -rdynamic CMakeFiles/cmTC_8269d.dir/CheckSymbolExists.c.o  -o cmTC_8269d 
CMakeFiles/cmTC_8269d.dir/CheckSymbolExists.c.o: In function `main':
CheckSymbolExists.c:(.text+0x1b): undefined reference to `pthread_create'
collect2: error: ld returned 1 exit status
CMakeFiles/cmTC_8269d.dir/build.make:97: recipe for target 'cmTC_8269d' failed
make[1]: *** [cmTC_8269d] Error 1
make[1]: Leaving directory '/home/nehal/woa/catkin_ws/build/CMakeFiles/CMakeTmp'
Makefile:126: recipe for target 'cmTC_8269d/fast' failed
make: *** [cmTC_8269d/fast] Error 2

File /home/nehal/woa/catkin_ws/build/CMakeFiles/CMakeTmp/CheckSymbolExists.c:
/* */
#include <pthread.h>

int main(int argc, char** argv)
{
  (void)argv;
#ifndef pthread_create
  return ((int*)(&pthread_create))[argc];
#else
  (void)argc;
  return 0;
#endif
}

Determining if the function pthread_create exists in the pthreads failed with the following output:
Change Dir: /home/nehal/woa/catkin_ws/build/CMakeFiles/CMakeTmp

Run Build Command:"/usr/bin/make" "cmTC_fc5ae/fast"
/usr/bin/make -f CMakeFiles/cmTC_fc5ae.dir/build.make CMakeFiles/cmTC_fc5ae.dir/build
make[1]: Entering directory '/home/nehal/woa/catkin_ws/build/CMakeFiles/CMakeTmp'
Building C object CMakeFiles/cmTC_fc5ae.dir/CheckFunctionExists.c.o
/usr/bin/cc   -DCHECK_FUNCTION_EXISTS=pthread_create   -o CMakeFiles/cmTC_fc5ae.dir/CheckFunctionExists.c.o   -c /usr/share/cmake-3.10/Modules/CheckFunctionExists.c
Linking C executable cmTC_fc5ae
/usr/bin/cmake -E cmake_link_script CMakeFiles/cmTC_fc5ae.dir/link.txt --verbose=1
/usr/bin/cc  -DCHECK_FUNCTION_EXISTS=pthread_create    -rdynamic CMakeFiles/cmTC_fc5ae.dir/CheckFunctionExists.c.o  -o cmTC_fc5ae -lpthreads 
/usr/bin/ld: cannot find -lpthreads
collect2: error: ld returned 1 exit status
CMakeFiles/cmTC_fc5ae.dir/build.make:97: recipe for target 'cmTC_fc5ae' failed
make[1]: *** [cmTC_fc5ae] Error 1
make[1]: Leaving directory '/home/nehal/woa/catkin_ws/build/CMakeFiles/CMakeTmp'
Makefile:126: recipe for target 'cmTC_fc5ae/fast' failed
make: *** [cmTC_fc5ae/fast] Error 2


